<?xml version="1.0" encoding="ISO-8859-1"?>
<configuration
    xmlns:xsi="http://www.w3.org/2001/XMLSchema-instance"
    xsi:schemaLocation="http://www.exoplaform.org/xml/ns/kernel_1_0.xsd http://www.exoplaform.org/xml/ns/kernel_1_0.xsd"
    xmlns="http://www.exoplaform.org/xml/ns/kernel_1_0.xsd">
  <!-- ============================================================================= -->
  <!--    U N I T     C O N F I G U R A T I O N                                      -->
  <!-- ============================================================================= -->

 <component>
      <key>org.exoplatform.container.monitor.jvm.JVMRuntimeInfo</key>
      <jmx-name>info:type=JVMRuntimeInfo</jmx-name>
      <type>org.exoplatform.container.monitor.jvm.JVMRuntimeInfoImpl</type>
      <init-params>
         <properties-param>
            <name>add.system.properties</name>
            <property name="org.apache.lucene.maxClauseCount" value="3000" />
         </properties-param>
      </init-params>
   </component>
          
   <component>
      <key>org.etk.kernel.test.params.map.I18NResourceBundleProcessor</key>
      <type>org.etk.kernel.test.params.map.I18NResourceBundleProcessor</type>
       <init-params>
         <object-param>
          <name>activityConfiguration</name>
          <object type="org.etk.kernel.test.params.map.ActivityResourceBundlePlugin">
          <field name="activityTypeMap">
            <map type="java.util.HashMap">
            <entry>
              <key>
                <string>social:spaces-created</string>
              </key>
              <value>
                <object-param>
                  <object type="org.etk.kernel.test.params.map.ActivityResourceBundlePlugin">
                  <field name="activityTypeMap"><string>social:spaces-created</string></field>
                  <field name="resourceKey"><string>SOCIAL.ACTIVITY.SPACE.CREATED</string></field>
                  <field name="resourceNameSpace"><string>SocialActivityPubliser</string></field>
                </object-param>
              </value>
            </entry>
            <entry>
              <key>
                <string>social:spaces-renamed</string>
              </key>
              <value>
                <object-param>
                  <object type="org.etk.kernel.test.params.map.ActivityResourceBundlePlugin">
                  <field name="activityTypeMap"><string>social:spaces-renamed</string></field>
                  <field name="resourceKey"><string>SOCIAL.ACTIVITY.SPACE.RENAMED</string></field>
                  <field name="resourceNameSpace"><string>SocialActivityPubliser</string></field>
                </object-param>
              </value>
            </entry>
            </map>
            </field>   
         </object-param>
      </init-params>
   </component>
   
  <component>
    <key>MockService</key>
    <type>org.exoplatform.mocks.MockService</type>
    <component-plugins>
      <component-plugin>
        <name>internal.component.plugin.1</name>
        <set-method>addPlugin</set-method>
        <type>org.exoplatform.mocks.MockServicePlugin</type>
        <description>test internal plugin</description>
        <init-params>
          <value-param>
            <name>name</name>
            <description>description</description>
            <value>a value</value>
          </value-param>
        </init-params>
      </component-plugin>
    </component-plugins>

    
    <init-params>
      <value-param>
        <name>new.user.configuration</name>
        <description>Configure role , group for the new user</description>
        <value>this is a test</value>
      </value-param>
    </init-params>
  </component>

  <component>
    <type>org.exoplatform.mocks.PriorityService</type>
  </component>
  <external-component-plugins>
    <target-component>org.exoplatform.mocks.PriorityService</target-component>
    <component-plugin>
      <name>PluginPriority3</name>
      <set-method>addPlugin</set-method>
      <type>org.exoplatform.mocks.PluginPriority3</type>
      <description>PluginPriority3 description</description>
    </component-plugin>
  </external-component-plugins>
  <external-component-plugins>
    <target-component>org.exoplatform.mocks.PriorityService</target-component>
    <component-plugin>
      <name>PluginPriority1</name>
      <set-method>addPlugin</set-method>
      <type>org.exoplatform.mocks.PluginPriority1</type>
      <description>PluginPriority1 description</description>
      <priority>1</priority>
    </component-plugin>
    <component-plugin>
      <name>PluginPriority2</name>
      <set-method>addPlugin</set-method>
      <type>org.exoplatform.mocks.PluginPriority2</type>
      <description>PluginPriority2 description</description>
      <priority>2</priority>
    </component-plugin>
  </external-component-plugins>

  <external-component-plugins>
    <target-component>MockService</target-component>
    <component-plugin>
      <name>external.component.plugin.1</name>
      <set-method>addPlugin</set-method>
      <type>org.exoplatform.mocks.MockServicePlugin</type>
      <description>test external plugin</description>
      <priority>1</priority>
      <init-params>
        <value-param>
          <name>name</name>
          <description>description</description>
          <value>a value</value>
        </value-param>
      </init-params>
    </component-plugin>
  </external-component-plugins>
</configuration>
