<?xml version="1.0" encoding="UTF-8"?>
<configuration xmlns:xsi="http://www.w3.org/2001/XMLSchema-instance"
	xsi:schemaLocation="http://www.exoplaform.org/xml/ns/kernel_1_0.xsd http://www.exoplaform.org/xml/ns/kernel_1_0.xsd"
	xmlns="http://www.exoplaform.org/xml/ns/kernel_1_0.xsd">
        <external-component-plugins>
          <target-component>org.etk.service.foo.spi.FooService</target-component>
          <component-plugin>
            <name>MockFooBarPublisher</name>
            <set-method>addFooListener</set-method>
            <type>org.etk.sandbox.service.MockFooBarPublisher</type>
          </component-plugin>
        </external-component-plugins>
        
   <component>
      <key>org.etk.sandbox.entity.plugins.jdbc.Datasource</key>
      <type>org.etk.sandbox.entity.plugins.jdbc.Datasource</type>
      <init-params>
               <value-param>
                  <name>db-connection</name>
                  <value>postgresql-connection</value>
               </value-param>
         <properties-param>
            <name>db-connection</name>
            <description>database connection properties</description>
            <property name="driverClassName" value="org.postgresql.Driver" />
            <property name="url" value="jdbc:postgresql://localhost/dbcreator1" />
            <property name="username" value="root" />
            <property name="password" value="gtn" />
         </properties-param>
         <properties-param>
            <name>db-creation</name>
            <description>database creation properties</description>
            <property name="scriptPath" value="classpath:/dbcreator/test.sql" />
            <property name="username" value="root" />
            <property name="password" value="gtn" />
         </properties-param>
      </init-params>
   </component>
</configuration>
