<?xml version="1.0" encoding="ISO-8859-1"?>
<configuration xmlns:xsi="http://www.w3.org/2001/XMLSchema-instance"
  xsi:schemaLocation="http://www.exoplaform.org/xml/ns/kernel_1_0.xsd http://www.exoplaform.org/xml/ns/kernel_1_0.xsd"
  xmlns="http://www.exoplaform.org/xml/ns/kernel_1_0.xsd">


  <component>
    <key>org.etk.kernel.cache.CacheService</key>
    <jmx-name>cache:type=CacheService</jmx-name>
    <type>org.etk.kernel.cache.impl.CacheServiceImpl</type>
    <init-params>
      <object-param>
        <name>cache.config.default</name>
        <description>The default cache configuration</description>
        <object type="org.etk.kernel.cache.ExoCacheConfig">
          <field name="name">
            <string>default</string>
          </field>
          <field name="maxSize">
            <int>300</int>
          </field>
          <field name="liveTime">
            <long>300</long>
          </field>
          <field name="distributed">
            <boolean>false</boolean>
          </field>
          <field name="implementation">
            <string>org.etk.core.cache.concurrent.ConcurrentFIFOExoCache
            </string>
          </field>
        </object>
      </object-param>
    </init-params>
  </component>

  <component>
    <key>org.etk.component.database.DatabaseService</key>
    <type>org.etk.component.database.impl.XAPoolTxSupportDatabaseService
    </type>
    <init-params>
      <properties-param>
        <name>default</name>
        <description>Connection configuration</description>
        <property name='connection.driver' value='org.postgresql.Driver' />
        <property name='connection.url' value='jdbc:postgresql://localhost/default' />
        <property name='connection.login' value='sa' />
        <property name='connection.password' value='' />
        <property name='connection.min-size' value='3' />
        <property name='connection.max-size' value='5' />
      </properties-param>
    </init-params>
  </component>

  <component>
    <key>org.etk.component.database.HibernateService</key>
    <jmx-name>database:type=HibernateService</jmx-name>
    <type>org.etk.component.database.impl.HibernateServiceImpl</type>
    <init-params>
      <properties-param>
        <name>hibernate.properties</name>
        <description>Default Hibernate Service</description>
        <property name="hibernate.show_sql" value="false" />
        <property name="hibernate.cglib.use_reflection_optimizer"
          value="true" />
        <property name="hibernate.connection.url" value="jdbc:postgresql://localhost/exodb" />
        <property name="hibernate.connection.driver_class" value="org.postgresql.Driver" />
        <property name="hibernate.connection.autocommit" value="true" />
        <property name="hibernate.connection.username" value="root" />
        <property name="hibernate.connection.password" value="gtn" />
        <property name="hibernate.dialect" value="org.hibernate.dialect.PostgreSQLDialect" />
        <property name="hibernate.c3p0.min_size" value="5" />
        <property name="hibernate.c3p0.max_size" value="20" />
        <property name="hibernate.c3p0.timeout" value="1800" />
        <property name="hibernate.c3p0.max_statements" value="50" />
      </properties-param>
    </init-params>
  </component>

  <import>classpath:/conf/application/hibernate-organization-configuration.xml
  </import>
  <import>classpath:/conf/application/test-organization-configuration.xml
  </import>
</configuration>
